Using pre-set license
Built from '2021.3/staging' branch; Version is '2021.3.32f1 (3b9dae9532f5) revision 3906990'; Using compiler version '192829333'; Build Type 'Release'
OS: 'Windows 10  (10.0.19045) 64bit Enterprise' Language: 'en' Physical Memory: 16105 MB
BatchMode: 1, IsHumanControllingUs: 0, StartBugReporterOnCrash: 0, Is64bit: 1, IsPro: 1

COMMAND LINE ARGUMENTS:
C:\Program Files\Unity\Hub\Editor\2021.3.32f1\Editor\Unity.exe
-adb2
-batchMode
-noUpm
-name
AssetImportWorker0
-projectPath
D:/ID623001-introduction-to-algorithmic-problem-solving/02-game-mechanics/02-starter-code
-logFile
Logs/AssetImportWorker0.log
-srvPort
52148
Successfully changed project path to: D:/ID623001-introduction-to-algorithmic-problem-solving/02-game-mechanics/02-starter-code
D:/ID623001-introduction-to-algorithmic-problem-solving/02-game-mechanics/02-starter-code
[UnityMemory] Configuration Parameters - Can be set up in boot.config
    "memorysetup-bucket-allocator-granularity=16"
    "memorysetup-bucket-allocator-bucket-count=8"
    "memorysetup-bucket-allocator-block-size=33554432"
    "memorysetup-bucket-allocator-block-count=8"
    "memorysetup-main-allocator-block-size=16777216"
    "memorysetup-thread-allocator-block-size=16777216"
    "memorysetup-gfx-main-allocator-block-size=16777216"
    "memorysetup-gfx-thread-allocator-block-size=16777216"
    "memorysetup-cache-allocator-block-size=4194304"
    "memorysetup-typetree-allocator-block-size=2097152"
    "memorysetup-profiler-bucket-allocator-granularity=16"
    "memorysetup-profiler-bucket-allocator-bucket-count=8"
    "memorysetup-profiler-bucket-allocator-block-size=33554432"
    "memorysetup-profiler-bucket-allocator-block-count=8"
    "memorysetup-profiler-allocator-block-size=16777216"
    "memorysetup-profiler-editor-allocator-block-size=1048576"
    "memorysetup-temp-allocator-size-main=16777216"
    "memorysetup-job-temp-allocator-block-size=2097152"
    "memorysetup-job-temp-allocator-block-size-background=1048576"
    "memorysetup-job-temp-allocator-reduction-small-platforms=262144"
    "memorysetup-temp-allocator-size-background-worker=32768"
    "memorysetup-temp-allocator-size-job-worker=262144"
    "memorysetup-temp-allocator-size-preload-manager=33554432"
    "memorysetup-temp-allocator-size-nav-mesh-worker=65536"
    "memorysetup-temp-allocator-size-audio-worker=65536"
    "memorysetup-temp-allocator-size-cloud-worker=32768"
    "memorysetup-temp-allocator-size-gi-baking-worker=262144"
    "memorysetup-temp-allocator-size-gfx=262144"
Player connection [7512] Host "[IP] 192.168.127.1 [Port] 0 [Flags] 2 [Guid] 293702422 [EditorId] 293702422 [Version] 1048832 [Id] WindowsEditor(7,D202-78641) [Debug] 1 [PackageName] WindowsEditor [ProjectName] Editor" joined multi-casting on [225.0.0.222:54997]...

Player connection [7512] Host "[IP] 192.168.127.1 [Port] 0 [Flags] 2 [Guid] 293702422 [EditorId] 293702422 [Version] 1048832 [Id] WindowsEditor(7,D202-78641) [Debug] 1 [PackageName] WindowsEditor [ProjectName] Editor" joined alternative multi-casting on [225.0.0.222:34997]...

[Physics::Module] Initialized MultithreadedJobDispatcher with {0} workers.
Refreshing native plugins compatible for Editor in 45.42 ms, found 3 plugins.
Preloading 0 native plugins for Editor in 0.00 ms.
Initialize engine version: 2021.3.32f1 (3b9dae9532f5)
[Subsystems] Discovering subsystems at path C:/Program Files/Unity/Hub/Editor/2021.3.32f1/Editor/Data/Resources/UnitySubsystems
[Subsystems] Discovering subsystems at path D:/ID623001-introduction-to-algorithmic-problem-solving/02-game-mechanics/02-starter-code/Assets
GfxDevice: creating device client; threaded=0; jobified=0
Direct3D:
    Version:  Direct3D 11.0 [level 11.1]
    Renderer: AMD Radeon RX 640 (ID=0x6987)
    Vendor:   ATI
    VRAM:     4076 MB
    Driver:   30.0.13023.4001
Initialize mono
Mono path[0] = 'C:/Program Files/Unity/Hub/Editor/2021.3.32f1/Editor/Data/Managed'
Mono path[1] = 'C:/Program Files/Unity/Hub/Editor/2021.3.32f1/Editor/Data/MonoBleedingEdge/lib/mono/unityjit-win32'
Mono config path = 'C:/Program Files/Unity/Hub/Editor/2021.3.32f1/Editor/Data/MonoBleedingEdge/etc'
Using monoOptions --debugger-agent=transport=dt_socket,embedding=1,server=y,suspend=n,address=127.0.0.1:56900
Begin MonoManager ReloadAssembly
Registering precompiled unity dll's ...
Register platform support module: C:/Program Files/Unity/Hub/Editor/2021.3.32f1/Editor/Data/PlaybackEngines/WindowsStandaloneSupport/UnityEditor.WindowsStandalone.Extensions.dll
Registered in 0.006217 seconds.
Native extension for WindowsStandalone target not found
Refreshing native plugins compatible for Editor in 48.62 ms, found 3 plugins.
Preloading 0 native plugins for Editor in 0.00 ms.
Mono: successfully reloaded assembly
- Completed reload, in  0.489 seconds
Domain Reload Profiling:
	ReloadAssembly (490ms)
		BeginReloadAssembly (82ms)
			ExecutionOrderSort (0ms)
			DisableScriptedObjects (0ms)
			BackupInstance (0ms)
			ReleaseScriptingObjects (0ms)
			CreateAndSetChildDomain (1ms)
		EndReloadAssembly (327ms)
			LoadAssemblies (80ms)
			RebuildTransferFunctionScriptingTraits (0ms)
			SetupTypeCache (80ms)
			ReleaseScriptCaches (0ms)
			RebuildScriptCaches (22ms)
			SetupLoadedEditorAssemblies (194ms)
				LogAssemblyErrors (0ms)
				InitializePlatformSupportModulesInManaged (6ms)
				SetLoadedEditorAssemblies (0ms)
				RefreshPlugins (49ms)
				BeforeProcessingInitializeOnLoad (1ms)
				ProcessInitializeOnLoadAttributes (103ms)
				ProcessInitializeOnLoadMethodAttributes (35ms)
				AfterProcessingInitializeOnLoad (0ms)
				EditorAssembliesLoaded (0ms)
			ExecutionOrderSort2 (0ms)
			AwakeInstancesAfterBackupRestoration (0ms)
Platform modules already initialized, skipping
Registering precompiled user dll's ...
Registered in 0.002635 seconds.
Begin MonoManager ReloadAssembly
Native extension for WindowsStandalone target not found
Refreshing native plugins compatible for Editor in 0.39 ms, found 3 plugins.
Preloading 0 native plugins for Editor in 0.00 ms.
Package Manager log level set to [2]
[Package Manager] Server::EnsureServerProcessIsRunning -- launch failed, reason: Unity was launched with the -noUpm command-line argument
[Package Manager] Cannot connect to Unity Package Manager local server
Mono: successfully reloaded assembly
- Completed reload, in  1.124 seconds
Domain Reload Profiling:
	ReloadAssembly (1125ms)
		BeginReloadAssembly (132ms)
			ExecutionOrderSort (0ms)
			DisableScriptedObjects (7ms)
			BackupInstance (0ms)
			ReleaseScriptingObjects (0ms)
			CreateAndSetChildDomain (24ms)
		EndReloadAssembly (909ms)
			LoadAssemblies (82ms)
			RebuildTransferFunctionScriptingTraits (0ms)
			SetupTypeCache (171ms)
			ReleaseScriptCaches (1ms)
			RebuildScriptCaches (38ms)
			SetupLoadedEditorAssemblies (619ms)
				LogAssemblyErrors (0ms)
				InitializePlatformSupportModulesInManaged (4ms)
				SetLoadedEditorAssemblies (0ms)
				RefreshPlugins (0ms)
				BeforeProcessingInitializeOnLoad (61ms)
				ProcessInitializeOnLoadAttributes (530ms)
				ProcessInitializeOnLoadMethodAttributes (16ms)
				AfterProcessingInitializeOnLoad (6ms)
				EditorAssembliesLoaded (0ms)
			ExecutionOrderSort2 (0ms)
			AwakeInstancesAfterBackupRestoration (6ms)
Platform modules already initialized, skipping
========================================================================
Worker process is ready to serve import requests
Launched and connected shader compiler UnityShaderCompiler.exe after 0.04 seconds
Refreshing native plugins compatible for Editor in 0.63 ms, found 3 plugins.
Preloading 0 native plugins for Editor in 0.00 ms.
Unloading 2937 Unused Serialized files (Serialized files now loaded: 0)
Unloading 22 unused Assets / (46.3 KB). Loaded Objects now: 3396.
Memory consumption went from 104.3 MB to 104.3 MB.
Total: 2.619600 ms (FindLiveObjects: 0.251800 ms CreateObjectMapping: 0.096600 ms MarkObjects: 2.200000 ms  DeleteObjects: 0.070300 ms)

AssetImportParameters requested are different than current active one (requested -> active):
  custom:video-decoder-ogg-theora: a1e56fd34408186e4bbccfd4996cb3dc -> 
  custom:container-muxer-webm: aa71ff27fc2769a1b78a27578f13a17b -> 
  custom:container-demuxer-webm: 4f35f7cbe854078d1ac9338744f61a02 -> 
  custom:video-encoder-webm-vp8: eb34c28f22e8b96e1ab97ce403110664 -> 
  custom:audio-encoder-webm-vorbis: bf7c407c2cedff20999df2af8eb42d56 -> 
  custom:framework-win-MediaFoundation: 216162199b28c13a410421893ffa2e32 -> 
  custom:container-demuxer-ogg: 62fdf1f143b41e24485cea50d1cbac27 -> 
  custom:video-decoder-webm-vp8: 9c59270c3fd7afecdb556c50c9e8de78 -> 
  custom:audio-decoder-ogg-vorbis: bf7c407c2cedff20999df2af8eb42d56 -> 
========================================================================
Received Import Request.
  Time since last request: 1752.749782 seconds.
  path: Assets/Scenes/GameScene.unity
  artifactKey: Guid(c61da0a976a9d47aaa00b5fb9c8646c6) Importer(815301076,1909f56bfc062723c751e8b465ee728b)
Number of updated assets reloaded before import = 0
Start importing Assets/Scenes/GameScene.unity using Guid(c61da0a976a9d47aaa00b5fb9c8646c6) Importer(815301076,1909f56bfc062723c751e8b465ee728b)  -> (artifact id: '0e233be2dc6968b801f355378f1d1d85') in 0.012401 seconds 
Number of asset objects unloaded after import = 0
========================================================================
Received Import Request.
  Time since last request: 0.000020 seconds.
  path: Assets/Scenes
  artifactKey: Guid(3181bd7bd23314986868ac85acdcd4c1) Importer(815301076,1909f56bfc062723c751e8b465ee728b)
Number of updated assets reloaded before import = 0
Start importing Assets/Scenes using Guid(3181bd7bd23314986868ac85acdcd4c1) Importer(815301076,1909f56bfc062723c751e8b465ee728b)  -> (artifact id: '9ff7d78a27692af43d63271849d8b6dc') in 0.007262 seconds 
Number of asset objects unloaded after import = 0
========================================================================
Received Import Request.
  Time since last request: 41.689827 seconds.
  path: Assets/Scripts
  artifactKey: Guid(091d8ad2758e34194b185e919c4440e8) Importer(815301076,1909f56bfc062723c751e8b465ee728b)
Number of updated assets reloaded before import = 0
Start importing Assets/Scripts using Guid(091d8ad2758e34194b185e919c4440e8) Importer(815301076,1909f56bfc062723c751e8b465ee728b)  -> (artifact id: '7f1da49a6c7d6148d21c9c13c35cb72b') in 0.008946 seconds 
Number of asset objects unloaded after import = 0
========================================================================
Received Import Request.
  Time since last request: 2.043680 seconds.
  path: Assets/Scripts/Tutorial.cs
  artifactKey: Guid(7c0af5541071e4619997cd007c4ad952) Importer(815301076,1909f56bfc062723c751e8b465ee728b)
Number of updated assets reloaded before import = 0
Start importing Assets/Scripts/Tutorial.cs using Guid(7c0af5541071e4619997cd007c4ad952) Importer(815301076,1909f56bfc062723c751e8b465ee728b)  -> (artifact id: '4e8082c0e851f1c81f37099e854ca7a3') in 0.043211 seconds 
Number of asset objects unloaded after import = 0
========================================================================
Received Prepare
Refreshing native plugins compatible for Editor in 2.03 ms, found 3 plugins.
Preloading 0 native plugins for Editor in 0.00 ms.
Unloading 15 Unused Serialized files (Serialized files now loaded: 0)
Unloading 15 unused Assets / (21.9 KB). Loaded Objects now: 3396.
Memory consumption went from 44.5 MB to 44.5 MB.
Total: 3.001000 ms (FindLiveObjects: 0.207300 ms CreateObjectMapping: 0.087200 ms MarkObjects: 2.672900 ms  DeleteObjects: 0.032700 ms)

AssetImportParameters requested are different than current active one (requested -> active):
  custom:video-decoder-ogg-theora: a1e56fd34408186e4bbccfd4996cb3dc -> 
  custom:container-muxer-webm: aa71ff27fc2769a1b78a27578f13a17b -> 
  custom:container-demuxer-webm: 4f35f7cbe854078d1ac9338744f61a02 -> 
  custom:video-encoder-webm-vp8: eb34c28f22e8b96e1ab97ce403110664 -> 
  custom:CustomObjectIndexerAttribute: bc11b3a6c3213fcdd17b65e7da85e133 -> 
  custom:audio-encoder-webm-vorbis: bf7c407c2cedff20999df2af8eb42d56 -> 
  custom:framework-win-MediaFoundation: 216162199b28c13a410421893ffa2e32 -> 
  custom:SearchIndexIgnoredProperties: e643bd26f0fe6173181afceb89e7c659 -> 
  custom:container-demuxer-ogg: 62fdf1f143b41e24485cea50d1cbac27 -> 
  custom:video-decoder-webm-vp8: 9c59270c3fd7afecdb556c50c9e8de78 -> 
  custom:audio-decoder-ogg-vorbis: bf7c407c2cedff20999df2af8eb42d56 -> 
========================================================================
Received Import Request.
  Time since last request: 447.255461 seconds.
  path: Assets/Prefabs
  artifactKey: Guid(7ac7f3dce397044eb9bebf1ac2d6050b) Importer(815301076,1909f56bfc062723c751e8b465ee728b)
Number of updated assets reloaded before import = 0
Start importing Assets/Prefabs using Guid(7ac7f3dce397044eb9bebf1ac2d6050b) Importer(815301076,1909f56bfc062723c751e8b465ee728b)  -> (artifact id: '80e124fcf1b327b993348b854719d804') in 0.007668 seconds 
Number of asset objects unloaded after import = 0
========================================================================
Received Import Request.
  Time since last request: 0.058291 seconds.
  path: Assets/Prefabs/Enemy 2.prefab
  artifactKey: Guid(614f4dc81f2ad4dd0bb9a759c0274631) Importer(815301076,1909f56bfc062723c751e8b465ee728b)
Number of updated assets reloaded before import = 0
Start importing Assets/Prefabs/Enemy 2.prefab using Guid(614f4dc81f2ad4dd0bb9a759c0274631) Importer(815301076,1909f56bfc062723c751e8b465ee728b)  -> (artifact id: '18b722478998efb3f1cee27a75adb9e9') in 0.129831 seconds 
Number of asset objects unloaded after import = 20
========================================================================
Received Import Request.
  Time since last request: 0.000020 seconds.
  path: Assets/Prefabs/Monster.prefab
  artifactKey: Guid(f29d67ead1d3b481e815d39f2f51f446) Importer(815301076,1909f56bfc062723c751e8b465ee728b)
Number of updated assets reloaded before import = 0
Start importing Assets/Prefabs/Monster.prefab using Guid(f29d67ead1d3b481e815d39f2f51f446) Importer(815301076,1909f56bfc062723c751e8b465ee728b)  -> (artifact id: '5fe038c81991af70ec01af0eba9a963f') in 0.026035 seconds 
Number of asset objects unloaded after import = 63
========================================================================
Received Import Request.
  Time since last request: 3.612406 seconds.
  path: Assets/Images
  artifactKey: Guid(7d5e24f199b7c479a80f32436fddea30) Importer(815301076,1909f56bfc062723c751e8b465ee728b)
Number of updated assets reloaded before import = 0
Start importing Assets/Images using Guid(7d5e24f199b7c479a80f32436fddea30) Importer(815301076,1909f56bfc062723c751e8b465ee728b)  -> (artifact id: '0328c9be5fb5aa9b6d73b07eac71462d') in 0.007763 seconds 
Number of asset objects unloaded after import = 0
========================================================================
Received Import Request.
  Time since last request: 2.312496 seconds.
  path: Assets/Images/Extras
  artifactKey: Guid(f2df95cef1b1d453997ed75d37a8e481) Importer(815301076,1909f56bfc062723c751e8b465ee728b)
Number of updated assets reloaded before import = 0
Start importing Assets/Images/Extras using Guid(f2df95cef1b1d453997ed75d37a8e481) Importer(815301076,1909f56bfc062723c751e8b465ee728b)  -> (artifact id: '7a2251e4451db804b2242fc27ae736fa') in 0.009552 seconds 
Number of asset objects unloaded after import = 0
========================================================================
Received Import Request.
  Time since last request: 0.075287 seconds.
  path: Assets/Images/Extras/mockup.png
  artifactKey: Guid(909684f44e5c54ce187dec4efdf64ed5) Importer(815301076,1909f56bfc062723c751e8b465ee728b)
Number of updated assets reloaded before import = 0
Start importing Assets/Images/Extras/mockup.png using Guid(909684f44e5c54ce187dec4efdf64ed5) Importer(815301076,1909f56bfc062723c751e8b465ee728b)  -> (artifact id: '176ddca202f70987d28a501ca634d60d') in 0.183546 seconds 
Number of asset objects unloaded after import = 3
========================================================================
Received Import Request.
  Time since last request: 2.178673 seconds.
  path: Assets/Images/Objects
  artifactKey: Guid(afcec31df0a834ed4b4f8514d3eec38c) Importer(815301076,1909f56bfc062723c751e8b465ee728b)
Number of updated assets reloaded before import = 0
Start importing Assets/Images/Objects using Guid(afcec31df0a834ed4b4f8514d3eec38c) Importer(815301076,1909f56bfc062723c751e8b465ee728b)  -> (artifact id: '1d2bc8c134e33a4f115a426a09abd410') in 0.010218 seconds 
Number of asset objects unloaded after import = 0
========================================================================
Received Import Request.
  Time since last request: 0.057622 seconds.
  path: Assets/Images/Objects/Bullet1.png
  artifactKey: Guid(42e7fb48812864bfcab2acd8725d45dc) Importer(815301076,1909f56bfc062723c751e8b465ee728b)
Number of updated assets reloaded before import = 0
Start importing Assets/Images/Objects/Bullet1.png using Guid(42e7fb48812864bfcab2acd8725d45dc) Importer(815301076,1909f56bfc062723c751e8b465ee728b)  -> (artifact id: 'ab36ad723e4b750f35f8a1a8e775d799') in 0.034285 seconds 
Number of asset objects unloaded after import = 3
========================================================================
Received Import Request.
  Time since last request: 0.000020 seconds.
  path: Assets/Images/Objects/Openspot.png
  artifactKey: Guid(df4910dae3555424b96684835f0134de) Importer(815301076,1909f56bfc062723c751e8b465ee728b)
Number of updated assets reloaded before import = 0
Start importing Assets/Images/Objects/Openspot.png using Guid(df4910dae3555424b96684835f0134de) Importer(815301076,1909f56bfc062723c751e8b465ee728b)  -> (artifact id: '3adb3076e2b0abab287055e6c59bd864') in 0.023706 seconds 
Number of asset objects unloaded after import = 3
========================================================================
Received Import Request.
  Time since last request: 0.000018 seconds.
  path: Assets/Images/Objects/cookie.png
  artifactKey: Guid(ac90a86debbe14aceb7949a135084970) Importer(815301076,1909f56bfc062723c751e8b465ee728b)
Number of updated assets reloaded before import = 0
Start importing Assets/Images/Objects/cookie.png using Guid(ac90a86debbe14aceb7949a135084970) Importer(815301076,1909f56bfc062723c751e8b465ee728b)  -> (artifact id: '549af85a6809eba691d2627a11a57170') in 0.036656 seconds 
Number of asset objects unloaded after import = 3
Editor requested this worker to shutdown with reason: Scaling down because of idle timeout
AssetImportWorker is now disconnected from the server
Process exiting
Exiting without the bug reporter. Application will terminate with return code 0